<?xml version="1.0" encoding="UTF-8"?>
<testsuite xmlns:xsi="http://www.w3.org/2001/XMLSchema-instance" xsi:noNamespaceSchemaLocation="https://maven.apache.org/surefire/maven-surefire-plugin/xsd/surefire-test-report-3.0.xsd" version="3.0" name="com.example.event.EventApplicationTests" time="7.328" tests="1" errors="0" skipped="0" failures="0">
  <properties>
[...]
</properties>
  <testcase name="contextLoads" classname="com.example.event.EventApplicationTests" time="0.497">
    <system-out><![CDATA[20:06:49.605 [main] INFO org.springframework.test.context.support.AnnotationConfigContextLoaderUtils -- Could not detect default configuration classes for test class [com.example.event.EventApplicationTests]: EventApplicationTests does not declare any static, non-private, non-final, nested classes annotated with @Configuration.
20:06:49.745 [main] INFO org.springframework.boot.test.context.SpringBootTestContextBootstrapper -- Found @SpringBootConfiguration com.example.event.EventApplication for test class com.example.event.EventApplicationTests

  .   ____          _            __ _ _
 /\\ / ___'_ __ _ _(_)_ __  __ _ \ \ \ \
( ( )\___ | '_ | '_| | '_ \/ _` | \ \ \ \
 \\/  ___)| |_)| | | | | || (_| |  ) ) ) )
  '  |____| .__|_| |_|_| |_\__, | / / / /
 =========|_|==============|___/=/_/_/_/
 :: Spring Boot ::                (v3.1.4)

2023-10-24T20:06:50.221+02:00  WARN 20084 --- [           main] ory$DuplicateJsonObjectContextCustomizer : 

Found multiple occurrences of org.json.JSONObject on the class path:

	jar:file:/C:/Users/marek/.m2/repository/com/vaadin/external/google/android-json/0.0.20131108.vaadin1/android-json-0.0.20131108.vaadin1.jar!/org/json/JSONObject.class
	jar:file:/C:/Users/marek/.m2/repository/org/json/json/20220320/json-20220320.jar!/org/json/JSONObject.class

You may wish to exclude one of them to ensure predictable runtime behavior

2023-10-24T20:06:50.244+02:00  INFO 20084 --- [           main] c.example.event.EventApplicationTests    : Starting EventApplicationTests using Java 19.0.1 with PID 20084 (started by marek in C:\Users\marek\Desktop\Git\EVENT APP\event)
2023-10-24T20:06:50.246+02:00  INFO 20084 --- [           main] c.example.event.EventApplicationTests    : No active profile set, falling back to 1 default profile: "default"
2023-10-24T20:06:51.216+02:00  INFO 20084 --- [           main] .s.d.r.c.RepositoryConfigurationDelegate : Multiple Spring Data modules found, entering strict repository configuration mode
2023-10-24T20:06:51.218+02:00  INFO 20084 --- [           main] .s.d.r.c.RepositoryConfigurationDelegate : Bootstrapping Spring Data JPA repositories in DEFAULT mode.
2023-10-24T20:06:51.412+02:00  INFO 20084 --- [           main] .s.d.r.c.RepositoryConfigurationDelegate : Finished Spring Data repository scanning in 186 ms. Found 3 JPA repository interfaces.
2023-10-24T20:06:51.435+02:00  INFO 20084 --- [           main] .s.d.r.c.RepositoryConfigurationDelegate : Multiple Spring Data modules found, entering strict repository configuration mode
2023-10-24T20:06:51.436+02:00  INFO 20084 --- [           main] .s.d.r.c.RepositoryConfigurationDelegate : Bootstrapping Spring Data Redis repositories in DEFAULT mode.
2023-10-24T20:06:51.453+02:00  INFO 20084 --- [           main] .RepositoryConfigurationExtensionSupport : Spring Data Redis - Could not safely identify store assignment for repository candidate interface com.example.event.authentication.persistance.repository.TokenRepository; If you want this repository to be a Redis repository, consider annotating your entities with one of these annotations: org.springframework.data.redis.core.RedisHash (preferred), or consider extending one of the following types with your repository: org.springframework.data.keyvalue.repository.KeyValueRepository
2023-10-24T20:06:51.453+02:00  INFO 20084 --- [           main] .RepositoryConfigurationExtensionSupport : Spring Data Redis - Could not safely identify store assignment for repository candidate interface com.example.event.authentication.persistance.repository.UserRepository; If you want this repository to be a Redis repository, consider annotating your entities with one of these annotations: org.springframework.data.redis.core.RedisHash (preferred), or consider extending one of the following types with your repository: org.springframework.data.keyvalue.repository.KeyValueRepository
2023-10-24T20:06:51.454+02:00  INFO 20084 --- [           main] .RepositoryConfigurationExtensionSupport : Spring Data Redis - Could not safely identify store assignment for repository candidate interface com.example.event.customer.persistance.repository.CustomerRepository; If you want this repository to be a Redis repository, consider annotating your entities with one of these annotations: org.springframework.data.redis.core.RedisHash (preferred), or consider extending one of the following types with your repository: org.springframework.data.keyvalue.repository.KeyValueRepository
2023-10-24T20:06:51.454+02:00  INFO 20084 --- [           main] .s.d.r.c.RepositoryConfigurationDelegate : Finished Spring Data repository scanning in 7 ms. Found 0 Redis repository interfaces.
2023-10-24T20:06:52.412+02:00  INFO 20084 --- [           main] o.hibernate.jpa.internal.util.LogHelper  : HHH000204: Processing PersistenceUnitInfo [name: default]
2023-10-24T20:06:52.518+02:00  INFO 20084 --- [           main] org.hibernate.Version                    : HHH000412: Hibernate ORM core version 6.2.9.Final
2023-10-24T20:06:52.522+02:00  INFO 20084 --- [           main] org.hibernate.cfg.Environment            : HHH000406: Using bytecode reflection optimizer
2023-10-24T20:06:52.807+02:00  INFO 20084 --- [           main] o.h.b.i.BytecodeProviderInitiator        : HHH000021: Bytecode provider name : bytebuddy
2023-10-24T20:06:52.997+02:00  INFO 20084 --- [           main] o.s.o.j.p.SpringPersistenceUnitInfo      : No LoadTimeWeaver setup: ignoring JPA class transformer
2023-10-24T20:06:53.019+02:00  INFO 20084 --- [           main] com.zaxxer.hikari.HikariDataSource       : HikariPool-1 - Starting...
2023-10-24T20:06:53.224+02:00  INFO 20084 --- [           main] com.zaxxer.hikari.pool.HikariPool        : HikariPool-1 - Added connection org.postgresql.jdbc.PgConnection@222d9d4f
2023-10-24T20:06:53.226+02:00  INFO 20084 --- [           main] com.zaxxer.hikari.HikariDataSource       : HikariPool-1 - Start completed.
2023-10-24T20:06:53.614+02:00  INFO 20084 --- [           main] o.h.b.i.BytecodeProviderInitiator        : HHH000021: Bytecode provider name : bytebuddy
2023-10-24T20:06:54.399+02:00  INFO 20084 --- [           main] o.h.e.t.j.p.i.JtaPlatformInitiator       : HHH000490: Using JtaPlatform implementation: [org.hibernate.engine.transaction.jta.platform.internal.NoJtaPlatform]
2023-10-24T20:06:54.561+02:00  INFO 20084 --- [           main] j.LocalContainerEntityManagerFactoryBean : Initialized JPA EntityManagerFactory for persistence unit 'default'
2023-10-24T20:06:55.102+02:00  WARN 20084 --- [           main] JpaBaseConfiguration$JpaWebConfiguration : spring.jpa.open-in-view is enabled by default. Therefore, database queries may be performed during view rendering. Explicitly configure spring.jpa.open-in-view to disable this warning
2023-10-24T20:06:55.151+02:00  WARN 20084 --- [           main] .s.s.UserDetailsServiceAutoConfiguration : 

Using generated security password: 09ae3ade-0899-4311-9787-9a928dfea06d

This generated password is for development use only. Your security configuration must be updated before running your application in production.

2023-10-24T20:06:55.531+02:00  INFO 20084 --- [           main] o.s.s.web.DefaultSecurityFilterChain     : Will secure any request with [org.springframework.security.web.session.DisableEncodeUrlFilter@64641998, org.springframework.security.web.context.request.async.WebAsyncManagerIntegrationFilter@2e845f1c, org.springframework.security.web.context.SecurityContextHolderFilter@7e864fa4, org.springframework.security.web.header.HeaderWriterFilter@29f86630, org.springframework.web.filter.CorsFilter@1e9afe4e, org.springframework.security.web.authentication.logout.LogoutFilter@797ca322, com.example.event.authentication.core.DemoAuthenticationFilter@1f67d37f, org.springframework.security.web.authentication.www.BasicAuthenticationFilter@27ada0e8, org.springframework.security.web.savedrequest.RequestCacheAwareFilter@38dc1c50, org.springframework.security.web.servletapi.SecurityContextHolderAwareRequestFilter@40f931ec, org.springframework.security.web.authentication.AnonymousAuthenticationFilter@5b8ba1d2, org.springframework.security.web.session.SessionManagementFilter@72fa021, org.springframework.security.web.access.ExceptionTranslationFilter@6cb2b947, org.springframework.security.web.access.intercept.AuthorizationFilter@3aac31b7]
2023-10-24T20:06:56.123+02:00  WARN 20084 --- [           main] o.s.s.c.a.web.builders.WebSecurity       : You are asking Spring Security to ignore Ant [pattern='/api/token', POST]. This is not recommended -- please use permitAll via HttpSecurity#authorizeHttpRequests instead.
2023-10-24T20:06:56.123+02:00  INFO 20084 --- [           main] o.s.s.web.DefaultSecurityFilterChain     : Will not secure Ant [pattern='/api/token', POST]
2023-10-24T20:06:56.123+02:00  WARN 20084 --- [           main] o.s.s.c.a.web.builders.WebSecurity       : You are asking Spring Security to ignore Ant [pattern='/swagger-ui/**']. This is not recommended -- please use permitAll via HttpSecurity#authorizeHttpRequests instead.
2023-10-24T20:06:56.124+02:00  INFO 20084 --- [           main] o.s.s.web.DefaultSecurityFilterChain     : Will not secure Ant [pattern='/swagger-ui/**']
2023-10-24T20:06:56.124+02:00  WARN 20084 --- [           main] o.s.s.c.a.web.builders.WebSecurity       : You are asking Spring Security to ignore Ant [pattern='/v3/api-docs/swagger-config']. This is not recommended -- please use permitAll via HttpSecurity#authorizeHttpRequests instead.
2023-10-24T20:06:56.124+02:00  INFO 20084 --- [           main] o.s.s.web.DefaultSecurityFilterChain     : Will not secure Ant [pattern='/v3/api-docs/swagger-config']
2023-10-24T20:06:56.124+02:00  WARN 20084 --- [           main] o.s.s.c.a.web.builders.WebSecurity       : You are asking Spring Security to ignore Ant [pattern='/v3/api-docs']. This is not recommended -- please use permitAll via HttpSecurity#authorizeHttpRequests instead.
2023-10-24T20:06:56.124+02:00  INFO 20084 --- [           main] o.s.s.web.DefaultSecurityFilterChain     : Will not secure Ant [pattern='/v3/api-docs']
2023-10-24T20:06:56.124+02:00  WARN 20084 --- [           main] o.s.s.c.a.web.builders.WebSecurity       : You are asking Spring Security to ignore Ant [pattern='/swagger-resources/**']. This is not recommended -- please use permitAll via HttpSecurity#authorizeHttpRequests instead.
2023-10-24T20:06:56.124+02:00  INFO 20084 --- [           main] o.s.s.web.DefaultSecurityFilterChain     : Will not secure Ant [pattern='/swagger-resources/**']
2023-10-24T20:06:56.169+02:00  INFO 20084 --- [           main] c.example.event.EventApplicationTests    : Started EventApplicationTests in 6.23 seconds (process running for 7.506)
]]></system-out>
  </testcase>
</testsuite>